== Info:   Trying 165.22.89.163:5000...
== Info: TCP_NODELAY set
== Info: Connected to 165.22.89.163 (165.22.89.163) port 5000 (#0)
=> Send header, 105 bytes (0x69)
0000: GET /users/mhufflep/location HTTP/1.1
0027: Host: 165.22.89.163:5000
0041: User-Agent: curl/7.68.0
005a: Accept: */*
0067: 
== Info: Mark bundle as not supporting multiuse
<= Recv header, 17 bytes (0x11)
0000: HTTP/1.1 200 OK
<= Recv header, 23 bytes (0x17)
0000: X-Powered-By: Express
<= Recv header, 47 bytes (0x2f)
0000: Content-Type: application/json; charset=utf-8
<= Recv header, 20 bytes (0x14)
0000: Content-Length: 13
<= Recv header, 41 bytes (0x29)
0000: ETag: W/"d-Rk4R9yGWLCPBWR6QQ9proVy479Q"
<= Recv header, 37 bytes (0x25)
0000: Date: Thu, 21 Oct 2021 09:26:03 GMT
<= Recv header, 24 bytes (0x18)
0000: Connection: keep-alive
<= Recv header, 23 bytes (0x17)
0000: Keep-Alive: timeout=5
<= Recv header, 2 bytes (0x2)
0000: 
<= Recv data, 13 bytes (0xd)
0000: "Unavailable"
== Info: Connection #0 to host 165.22.89.163 left intact
